[debug] [2026-04-16T14:16:32.881Z] ----------------------------------------------------------------------
[debug] [2026-04-16T14:16:32.889Z] Command:       /Users/js/.nvm/versions/node/v20.20.0/bin/node /Users/js/.nvm/versions/node/v20.20.0/bin/firebase init
[debug] [2026-04-16T14:16:32.889Z] CLI Version:   15.15.0
[debug] [2026-04-16T14:16:32.889Z] Platform:      darwin
[debug] [2026-04-16T14:16:32.889Z] Node Version:  v20.20.0
[debug] [2026-04-16T14:16:32.889Z] Time:          Thu Apr 16 2026 19:46:32 GMT+0530 (India Standard Time)
[debug] [2026-04-16T14:16:32.889Z] ----------------------------------------------------------------------
[debug] 
[info] 
     ######## #### ########  ######## ########     ###     ######  ########
     ##        ##  ##     ## ##       ##     ##  ##   ##  ##       ##
     ######    ##  ########  ######   ########  #########  ######  ######
     ##        ##  ##    ##  ##       ##     ## ##     ##       ## ##
     ##       #### ##     ## ######## ########  ##     ##  ######  ########

You're about to initialize a Firebase project in this directory:

  /Users/js/ailegal

[info] 
=== Project Setup
[info] 
[info] First, let's associate this project directory with a Firebase project.
[info] You can create multiple project aliases by running firebase use --add, 
[info] 
[debug] [2026-04-16T14:17:07.635Z] > command requires scopes: ["email","openid","https://www.googleapis.com/auth/cloudplatformprojects.readonly","https://www.googleapis.com/auth/firebase","https://www.googleapis.com/auth/cloud-platform"]
[debug] [2026-04-16T14:17:07.636Z] > authorizing via signed-in user (shekhawatje03@gmail.com)
[debug] [2026-04-16T14:17:07.639Z] Checked if tokens are valid: true, expires at: 1776352565231
[debug] [2026-04-16T14:17:07.639Z] Checked if tokens are valid: true, expires at: 1776352565231
[debug] [2026-04-16T14:17:07.643Z] >>> [apiv2][query] GET https://firebase.googleapis.com/v1beta1/projects pageSize=100
[debug] [2026-04-16T14:17:08.562Z] <<< [apiv2][status] GET https://firebase.googleapis.com/v1beta1/projects 200
[debug] [2026-04-16T14:17:08.562Z] <<< [apiv2][body] GET https://firebase.googleapis.com/v1beta1/projects [omitted]
[info] 
=== Hosting Setup
[debug] [2026-04-16T14:17:12.818Z] Checked if tokens are valid: true, expires at: 1776352565231
[debug] [2026-04-16T14:17:12.818Z] Checked if tokens are valid: true, expires at: 1776352565231
[debug] [2026-04-16T14:17:12.818Z] >>> [apiv2][query] GET https://firebase.googleapis.com/v1beta1/projects/ai-legal-assistant-81bd4 [none]
[debug] [2026-04-16T14:17:13.528Z] <<< [apiv2][status] GET https://firebase.googleapis.com/v1beta1/projects/ai-legal-assistant-81bd4 200
[debug] [2026-04-16T14:17:13.529Z] <<< [apiv2][body] GET https://firebase.googleapis.com/v1beta1/projects/ai-legal-assistant-81bd4 {"projectId":"ai-legal-assistant-81bd4","projectNumber":"550123499817","displayName":"AI legal assistant","name":"projects/ai-legal-assistant-81bd4","resources":{"hostingSite":"ai-legal-assistant-81bd4"},"state":"ACTIVE","etag":"1_4d23544e-1fcd-4dbf-b691-0de2d135471d"}
[info] 
[info] Your public directory is the folder (relative to your project directory) that
[info] will contain Hosting assets to be uploaded with firebase deploy. If you
[info] have a build process for your assets, use your build's output directory.
[info] 
[info] 
[info] i  Detected a .git folder at /Users/js/ailegal 
[info] i  Authorizing with GitHub to upload your service account to a GitHub repository's secrets store. 
[info] 
[info] Visit this URL on this device to log in:
[info] https://github.com/login/oauth/authorize?client_id=89cf50f02ac6aaed3484&state=262670314&redirect_uri=http%3A%2F%2Flocalhost%3A9005&scope=read%3Auser%20repo%20public_repo
[info] 
[info] Waiting for authentication...
[debug] [2026-04-16T14:18:33.204Z] >>> [apiv2][query] POST https://github.com/login/oauth/access_token [none]
[debug] [2026-04-16T14:18:33.206Z] >>> [apiv2][body] POST https://github.com/login/oauth/access_token [stream]
[debug] [2026-04-16T14:18:33.659Z] <<< [apiv2][status] POST https://github.com/login/oauth/access_token 200
[debug] [2026-04-16T14:18:33.660Z] <<< [apiv2][body] POST https://github.com/login/oauth/access_token {"access_token":"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","token_type":"bearer","scope":"read:user,repo"}
[debug] [2026-04-16T14:18:33.671Z] >>> [apiv2][query] GET https://api.github.com/user [none]
[debug] [2026-04-16T14:18:34.183Z] <<< [apiv2][status] GET https://api.github.com/user 200
[debug] [2026-04-16T14:18:34.184Z] <<< [apiv2][body] GET https://api.github.com/user {"login":"Shekhawat033","id":229820769,"node_id":"U_kgDODbLJYQ","avatar_url":"https://avatars.githubusercontent.com/u/229820769?v=4","gravatar_id":"","url":"https://api.github.com/users/Shekhawat033","html_url":"https://github.com/Shekhawat033","followers_url":"https://api.github.com/users/Shekhawat033/followers","following_url":"https://api.github.com/users/Shekhawat033/following{/other_user}","gists_url":"https://api.github.com/users/Shekhawat033/gists{/gist_id}","starred_url":"https://api.github.com/users/Shekhawat033/starred{/owner}{/repo}","subscriptions_url":"https://api.github.com/users/Shekhawat033/subscriptions","organizations_url":"https://api.github.com/users/Shekhawat033/orgs","repos_url":"https://api.github.com/users/Shekhawat033/repos","events_url":"https://api.github.com/users/Shekhawat033/events{/privacy}","received_events_url":"https://api.github.com/users/Shekhawat033/received_events","type":"User","user_view_type":"private","site_admin":false,"name":"jinendra shekhawat","company":null,"blog":"","location":null,"email":"shekhawatje03@gmail.com","hireable":null,"bio":null,"twitter_username":null,"notification_email":"shekhawatje03@gmail.com","public_repos":6,"public_gists":0,"followers":0,"following":0,"created_at":"2025-09-01T18:47:42Z","updated_at":"2026-04-16T06:32:28Z","private_gists":0,"total_private_repos":0,"owned_private_repos":0,"disk_usage":6338,"collaborators":0,"two_factor_authentication":true,"plan":{"name":"free","space":976562499,"collaborators":0,"private_repos":10000}}
[info] 
[info] ✔  Success! Logged into GitHub as Shekhawat033 
[info] 
[debug] [2026-04-16T14:18:46.488Z] >>> [apiv2][query] GET https://api.github.com/repos//actions/secrets/public-key type=owner
[debug] [2026-04-16T14:18:46.779Z] <<< [apiv2][status] GET https://api.github.com/repos//actions/secrets/public-key 404
[debug] [2026-04-16T14:18:46.779Z] <<< [apiv2][body] GET https://api.github.com/repos//actions/secrets/public-key {"message":"Not Found","documentation_url":"https://docs.github.com/rest","status":"404"}
[info] 
[info] 
[error] ⚠  The provided authorization cannot be used with this repository. If this repository is in an organization, did you remember to grant access? 
[info] 
[info] i  Action required: Visit this URL to ensure access has been granted to the appropriate organization(s) for the Firebase CLI GitHub OAuth App: 
[info] https://github.com/settings/connections/applications/89cf50f02ac6aaed3484
[info] 
